2023-07-16 17:01:52.636 INFO  com.example.wiki.config.WikiApplication           :55   [32m                  [0;39m Starting WikiApplication using Java 17.0.7 on LAPTOP-9LP1GE7L with PID 19056 (D:\Study\java\wiki\target\classes started by ljj in D:\Study\java\wiki)
2023-07-16 17:01:52.638 INFO  com.example.wiki.config.WikiApplication           :631  [32m                  [0;39m No active profile set, falling back to 1 default profile: "default"
2023-07-16 17:01:52.689 INFO  o.s.b.d.env.DevToolsPropertyDefaultsPostProcessor :255  [32m                  [0;39m Devtools property defaults active! Set 'spring.devtools.add-properties' to 'false' to disable
2023-07-16 17:01:52.690 INFO  o.s.b.d.env.DevToolsPropertyDefaultsPostProcessor :255  [32m                  [0;39m For additional web related logging consider setting the 'logging.level.web' property to 'DEBUG'
2023-07-16 17:01:53.576 INFO  o.s.boot.web.embedded.tomcat.TomcatWebServer      :108  [32m                  [0;39m Tomcat initialized with port(s): 8081 (http)
2023-07-16 17:01:53.582 INFO  org.apache.coyote.http11.Http11NioProtocol        :173  [32m                  [0;39m Initializing ProtocolHandler ["http-nio-8081"]
2023-07-16 17:01:53.583 INFO  org.apache.catalina.core.StandardService          :173  [32m                  [0;39m Starting service [Tomcat]
2023-07-16 17:01:53.583 INFO  org.apache.catalina.core.StandardEngine           :173  [32m                  [0;39m Starting Servlet engine: [Apache Tomcat/9.0.76]
2023-07-16 17:01:53.644 INFO  o.a.c.core.ContainerBase.[Tomcat].[localhost].[/] :173  [32m                  [0;39m Initializing Spring embedded WebApplicationContext
2023-07-16 17:01:53.645 INFO  o.s.b.w.s.c.ServletWebServerApplicationContext    :292  [32m                  [0;39m Root WebApplicationContext: initialization completed in 955 ms
2023-07-16 17:01:54.149 INFO  o.s.b.d.autoconfigure.OptionalLiveReloadServer    :59   [32m                  [0;39m LiveReload server is running on port 35729
2023-07-16 17:01:54.162 INFO  org.apache.coyote.http11.Http11NioProtocol        :173  [32m                  [0;39m Starting ProtocolHandler ["http-nio-8081"]
2023-07-16 17:01:54.178 INFO  o.s.boot.web.embedded.tomcat.TomcatWebServer      :220  [32m                  [0;39m Tomcat started on port(s): 8081 (http) with context path ''
2023-07-16 17:01:54.190 INFO  com.example.wiki.config.WikiApplication           :61   [32m                  [0;39m Started WikiApplication in 1.929 seconds (JVM running for 2.995)
2023-07-16 17:01:54.193 INFO  com.example.wiki.config.WikiApplication           :25   [32m                  [0;39m 启动成功！！
2023-07-16 17:01:54.193 INFO  com.example.wiki.config.WikiApplication           :26   [32m                  [0;39m 地址: 	http://127.0.0.1:8081
2023-07-16 17:01:58.219 INFO  o.a.c.core.ContainerBase.[Tomcat].[localhost].[/] :173  [32m                  [0;39m Initializing Spring DispatcherServlet 'dispatcherServlet'
2023-07-16 17:01:58.219 INFO  org.springframework.web.servlet.DispatcherServlet :525  [32m                  [0;39m Initializing Servlet 'dispatcherServlet'
2023-07-16 17:01:58.221 INFO  org.springframework.web.servlet.DispatcherServlet :547  [32m                  [0;39m Completed initialization in 1 ms
2023-07-16 17:02:07.804 INFO  com.zaxxer.hikari.HikariDataSource                :110  [32m                  [0;39m HikariPool-1 - Starting...
2023-07-16 17:02:08.054 INFO  com.zaxxer.hikari.HikariDataSource                :123  [32m                  [0;39m HikariPool-1 - Start completed.
2023-07-16 19:20:06.566 INFO  o.s.b.d.a.LocalDevToolsAutoConfiguration$RestartingClassPathChangeChangedEventListener:211  [32m                  [0;39m Restarting due to 2 class path changes (2 additions, 0 deletions, 0 modifications)
2023-07-16 19:20:06.600 INFO  org.apache.coyote.http11.Http11NioProtocol        :173  [32m                  [0;39m Pausing ProtocolHandler ["http-nio-8081"]
2023-07-16 19:20:06.600 INFO  org.apache.catalina.core.StandardService          :173  [32m                  [0;39m Stopping service [Tomcat]
2023-07-16 19:20:06.601 INFO  o.a.c.core.ContainerBase.[Tomcat].[localhost].[/] :173  [32m                  [0;39m Destroying Spring FrameworkServlet 'dispatcherServlet'
2023-07-16 19:20:06.605 WARN  org.apache.catalina.loader.WebappClassLoaderBase  :173  [32m                  [0;39m The web application [ROOT] appears to have started a thread named [HikariPool-1 housekeeper] but has failed to stop it. This is very likely to create a memory leak. Stack trace of thread:
 java.base@17.0.7/jdk.internal.misc.Unsafe.park(Native Method)
 java.base@17.0.7/java.util.concurrent.locks.LockSupport.parkNanos(LockSupport.java:252)
 java.base@17.0.7/java.util.concurrent.locks.AbstractQueuedSynchronizer$ConditionObject.awaitNanos(AbstractQueuedSynchronizer.java:1672)
 java.base@17.0.7/java.util.concurrent.ScheduledThreadPoolExecutor$DelayedWorkQueue.take(ScheduledThreadPoolExecutor.java:1182)
 java.base@17.0.7/java.util.concurrent.ScheduledThreadPoolExecutor$DelayedWorkQueue.take(ScheduledThreadPoolExecutor.java:899)
 java.base@17.0.7/java.util.concurrent.ThreadPoolExecutor.getTask(ThreadPoolExecutor.java:1062)
 java.base@17.0.7/java.util.concurrent.ThreadPoolExecutor.runWorker(ThreadPoolExecutor.java:1122)
 java.base@17.0.7/java.util.concurrent.ThreadPoolExecutor$Worker.run(ThreadPoolExecutor.java:635)
 java.base@17.0.7/java.lang.Thread.run(Thread.java:833)
2023-07-16 19:20:06.606 INFO  org.apache.coyote.http11.Http11NioProtocol        :173  [32m                  [0;39m Stopping ProtocolHandler ["http-nio-8081"]
2023-07-16 19:20:06.609 INFO  org.apache.coyote.http11.Http11NioProtocol        :173  [32m                  [0;39m Destroying ProtocolHandler ["http-nio-8081"]
2023-07-16 19:20:06.614 INFO  com.zaxxer.hikari.HikariDataSource                :350  [32m                  [0;39m HikariPool-1 - Shutdown initiated...
2023-07-16 19:20:06.621 INFO  com.zaxxer.hikari.HikariDataSource                :352  [32m                  [0;39m HikariPool-1 - Shutdown completed.
2023-07-16 19:20:06.757 INFO  com.example.wiki.config.WikiApplication           :55   [32m                  [0;39m Starting WikiApplication using Java 17.0.7 on LAPTOP-9LP1GE7L with PID 19056 (D:\Study\java\wiki\target\classes started by ljj in D:\Study\java\wiki)
2023-07-16 19:20:06.757 INFO  com.example.wiki.config.WikiApplication           :631  [32m                  [0;39m No active profile set, falling back to 1 default profile: "default"
2023-07-16 19:20:07.054 INFO  o.s.boot.web.embedded.tomcat.TomcatWebServer      :108  [32m                  [0;39m Tomcat initialized with port(s): 8081 (http)
2023-07-16 19:20:07.055 INFO  org.apache.coyote.http11.Http11NioProtocol        :173  [32m                  [0;39m Initializing ProtocolHandler ["http-nio-8081"]
2023-07-16 19:20:07.055 INFO  org.apache.catalina.core.StandardService          :173  [32m                  [0;39m Starting service [Tomcat]
2023-07-16 19:20:07.055 INFO  org.apache.catalina.core.StandardEngine           :173  [32m                  [0;39m Starting Servlet engine: [Apache Tomcat/9.0.76]
2023-07-16 19:20:07.082 INFO  o.a.c.core.ContainerBase.[Tomcat].[localhost].[/] :173  [32m                  [0;39m Initializing Spring embedded WebApplicationContext
2023-07-16 19:20:07.083 INFO  o.s.b.w.s.c.ServletWebServerApplicationContext    :292  [32m                  [0;39m Root WebApplicationContext: initialization completed in 321 ms
2023-07-16 19:20:07.303 INFO  o.s.b.d.autoconfigure.OptionalLiveReloadServer    :59   [32m                  [0;39m LiveReload server is running on port 35729
2023-07-16 19:20:07.310 INFO  org.apache.coyote.http11.Http11NioProtocol        :173  [32m                  [0;39m Starting ProtocolHandler ["http-nio-8081"]
2023-07-16 19:20:07.313 INFO  o.s.boot.web.embedded.tomcat.TomcatWebServer      :220  [32m                  [0;39m Tomcat started on port(s): 8081 (http) with context path ''
2023-07-16 19:20:07.317 INFO  com.example.wiki.config.WikiApplication           :61   [32m                  [0;39m Started WikiApplication in 0.611 seconds (JVM running for 8296.122)
2023-07-16 19:20:07.319 INFO  o.s.b.d.a.ConditionEvaluationDeltaLoggingListener :63   [32m                  [0;39m Condition evaluation unchanged
2023-07-16 19:20:07.320 INFO  com.example.wiki.config.WikiApplication           :25   [32m                  [0;39m 启动成功！！
2023-07-16 19:20:07.320 INFO  com.example.wiki.config.WikiApplication           :26   [32m                  [0;39m 地址: 	http://127.0.0.1:8081
2023-07-16 19:20:08.728 INFO  o.s.b.d.a.LocalDevToolsAutoConfiguration$RestartingClassPathChangeChangedEventListener:211  [32m                  [0;39m Restarting due to 8 class path changes (8 additions, 0 deletions, 0 modifications)
2023-07-16 19:20:08.743 INFO  org.apache.coyote.http11.Http11NioProtocol        :173  [32m                  [0;39m Pausing ProtocolHandler ["http-nio-8081"]
2023-07-16 19:20:08.743 INFO  org.apache.catalina.core.StandardService          :173  [32m                  [0;39m Stopping service [Tomcat]
2023-07-16 19:20:08.745 INFO  org.apache.coyote.http11.Http11NioProtocol        :173  [32m                  [0;39m Stopping ProtocolHandler ["http-nio-8081"]
2023-07-16 19:20:08.746 INFO  org.apache.coyote.http11.Http11NioProtocol        :173  [32m                  [0;39m Destroying ProtocolHandler ["http-nio-8081"]
2023-07-16 19:20:08.808 INFO  com.example.wiki.config.WikiApplication           :55   [32m                  [0;39m Starting WikiApplication using Java 17.0.7 on LAPTOP-9LP1GE7L with PID 19056 (D:\Study\java\wiki\target\classes started by ljj in D:\Study\java\wiki)
2023-07-16 19:20:08.809 INFO  com.example.wiki.config.WikiApplication           :631  [32m                  [0;39m No active profile set, falling back to 1 default profile: "default"
2023-07-16 19:20:08.978 INFO  o.s.boot.web.embedded.tomcat.TomcatWebServer      :108  [32m                  [0;39m Tomcat initialized with port(s): 8081 (http)
2023-07-16 19:20:08.979 INFO  org.apache.coyote.http11.Http11NioProtocol        :173  [32m                  [0;39m Initializing ProtocolHandler ["http-nio-8081"]
2023-07-16 19:20:08.979 INFO  org.apache.catalina.core.StandardService          :173  [32m                  [0;39m Starting service [Tomcat]
2023-07-16 19:20:08.979 INFO  org.apache.catalina.core.StandardEngine           :173  [32m                  [0;39m Starting Servlet engine: [Apache Tomcat/9.0.76]
2023-07-16 19:20:09.001 INFO  o.a.c.core.ContainerBase.[Tomcat].[localhost].[/] :173  [32m                  [0;39m Initializing Spring embedded WebApplicationContext
2023-07-16 19:20:09.001 INFO  o.s.b.w.s.c.ServletWebServerApplicationContext    :292  [32m                  [0;39m Root WebApplicationContext: initialization completed in 190 ms
2023-07-16 19:20:09.184 INFO  o.s.b.d.autoconfigure.OptionalLiveReloadServer    :59   [32m                  [0;39m LiveReload server is running on port 35729
2023-07-16 19:20:09.191 INFO  org.apache.coyote.http11.Http11NioProtocol        :173  [32m                  [0;39m Starting ProtocolHandler ["http-nio-8081"]
2023-07-16 19:20:09.194 INFO  o.s.boot.web.embedded.tomcat.TomcatWebServer      :220  [32m                  [0;39m Tomcat started on port(s): 8081 (http) with context path ''
2023-07-16 19:20:09.198 INFO  com.example.wiki.config.WikiApplication           :61   [32m                  [0;39m Started WikiApplication in 0.413 seconds (JVM running for 8298.003)
2023-07-16 19:20:09.199 INFO  o.s.b.d.a.ConditionEvaluationDeltaLoggingListener :63   [32m                  [0;39m Condition evaluation unchanged
2023-07-16 19:20:09.199 INFO  com.example.wiki.config.WikiApplication           :25   [32m                  [0;39m 启动成功！！
2023-07-16 19:20:09.199 INFO  com.example.wiki.config.WikiApplication           :26   [32m                  [0;39m 地址: 	http://127.0.0.1:8081
2023-07-16 19:20:09.920 INFO  com.example.wiki.config.WikiApplication           :55   [32m                  [0;39m Starting WikiApplication using Java 17.0.7 on LAPTOP-9LP1GE7L with PID 15620 (D:\Study\java\wiki\target\classes started by ljj in D:\Study\java\wiki)
2023-07-16 19:20:09.921 INFO  com.example.wiki.config.WikiApplication           :631  [32m                  [0;39m No active profile set, falling back to 1 default profile: "default"
2023-07-16 19:20:09.959 INFO  o.s.b.d.env.DevToolsPropertyDefaultsPostProcessor :255  [32m                  [0;39m Devtools property defaults active! Set 'spring.devtools.add-properties' to 'false' to disable
2023-07-16 19:20:09.959 INFO  o.s.b.d.env.DevToolsPropertyDefaultsPostProcessor :255  [32m                  [0;39m For additional web related logging consider setting the 'logging.level.web' property to 'DEBUG'
2023-07-16 19:20:10.791 INFO  o.s.boot.web.embedded.tomcat.TomcatWebServer      :108  [32m                  [0;39m Tomcat initialized with port(s): 8081 (http)
2023-07-16 19:20:10.797 INFO  org.apache.coyote.http11.Http11NioProtocol        :173  [32m                  [0;39m Initializing ProtocolHandler ["http-nio-8081"]
2023-07-16 19:20:10.798 INFO  org.apache.catalina.core.StandardService          :173  [32m                  [0;39m Starting service [Tomcat]
2023-07-16 19:20:10.799 INFO  org.apache.catalina.core.StandardEngine           :173  [32m                  [0;39m Starting Servlet engine: [Apache Tomcat/9.0.76]
2023-07-16 19:20:10.860 INFO  o.a.c.core.ContainerBase.[Tomcat].[localhost].[/] :173  [32m                  [0;39m Initializing Spring embedded WebApplicationContext
2023-07-16 19:20:10.860 INFO  o.s.b.w.s.c.ServletWebServerApplicationContext    :292  [32m                  [0;39m Root WebApplicationContext: initialization completed in 900 ms
2023-07-16 19:20:11.326 WARN  o.s.b.d.autoconfigure.OptionalLiveReloadServer    :62   [32m                  [0;39m Unable to start LiveReload server
2023-07-16 19:20:11.338 INFO  org.apache.coyote.http11.Http11NioProtocol        :173  [32m                  [0;39m Starting ProtocolHandler ["http-nio-8081"]
2023-07-16 19:20:11.341 WARN  o.s.b.w.s.c.AnnotationConfigServletWebServerApplicationContext:591  [32m                  [0;39m Exception encountered during context initialization - cancelling refresh attempt: org.springframework.context.ApplicationContextException: Failed to start bean 'webServerStartStop'; nested exception is org.springframework.boot.web.server.PortInUseException: Port 8081 is already in use
2023-07-16 19:20:11.346 INFO  org.apache.coyote.http11.Http11NioProtocol        :173  [32m                  [0;39m Pausing ProtocolHandler ["http-nio-8081"]
2023-07-16 19:20:11.346 INFO  org.apache.catalina.core.StandardService          :173  [32m                  [0;39m Stopping service [Tomcat]
2023-07-16 19:20:11.350 INFO  org.apache.coyote.http11.Http11NioProtocol        :173  [32m                  [0;39m Stopping ProtocolHandler ["http-nio-8081"]
2023-07-16 19:20:11.350 INFO  org.apache.coyote.http11.Http11NioProtocol        :173  [32m                  [0;39m Destroying ProtocolHandler ["http-nio-8081"]
2023-07-16 19:20:11.357 INFO  o.s.b.a.l.ConditionEvaluationReportLoggingListener:136  [32m                  [0;39m 

Error starting ApplicationContext. To display the conditions report re-run your application with 'debug' enabled.
2023-07-16 19:20:11.372 ERROR o.s.b.diagnostics.LoggingFailureAnalysisReporter  :40   [32m                  [0;39m 

***************************
APPLICATION FAILED TO START
***************************

Description:

Web server failed to start. Port 8081 was already in use.

Action:

Identify and stop the process that's listening on port 8081 or configure this application to listen on another port.

2023-07-16 19:20:17.928 INFO  com.example.wiki.config.WikiApplication           :55   [32m                  [0;39m Starting WikiApplication using Java 17.0.7 on LAPTOP-9LP1GE7L with PID 10708 (D:\Study\java\wiki\target\classes started by ljj in D:\Study\java\wiki)
2023-07-16 19:20:17.930 INFO  com.example.wiki.config.WikiApplication           :631  [32m                  [0;39m No active profile set, falling back to 1 default profile: "default"
2023-07-16 19:20:17.970 INFO  o.s.b.d.env.DevToolsPropertyDefaultsPostProcessor :255  [32m                  [0;39m Devtools property defaults active! Set 'spring.devtools.add-properties' to 'false' to disable
2023-07-16 19:20:17.970 INFO  o.s.b.d.env.DevToolsPropertyDefaultsPostProcessor :255  [32m                  [0;39m For additional web related logging consider setting the 'logging.level.web' property to 'DEBUG'
2023-07-16 19:20:18.816 INFO  o.s.boot.web.embedded.tomcat.TomcatWebServer      :108  [32m                  [0;39m Tomcat initialized with port(s): 8081 (http)
2023-07-16 19:20:18.822 INFO  org.apache.coyote.http11.Http11NioProtocol        :173  [32m                  [0;39m Initializing ProtocolHandler ["http-nio-8081"]
2023-07-16 19:20:18.823 INFO  org.apache.catalina.core.StandardService          :173  [32m                  [0;39m Starting service [Tomcat]
2023-07-16 19:20:18.824 INFO  org.apache.catalina.core.StandardEngine           :173  [32m                  [0;39m Starting Servlet engine: [Apache Tomcat/9.0.76]
2023-07-16 19:20:18.883 INFO  o.a.c.core.ContainerBase.[Tomcat].[localhost].[/] :173  [32m                  [0;39m Initializing Spring embedded WebApplicationContext
2023-07-16 19:20:18.884 INFO  o.s.b.w.s.c.ServletWebServerApplicationContext    :292  [32m                  [0;39m Root WebApplicationContext: initialization completed in 913 ms
2023-07-16 19:20:19.348 INFO  o.s.b.d.autoconfigure.OptionalLiveReloadServer    :59   [32m                  [0;39m LiveReload server is running on port 35729
2023-07-16 19:20:19.360 INFO  org.apache.coyote.http11.Http11NioProtocol        :173  [32m                  [0;39m Starting ProtocolHandler ["http-nio-8081"]
2023-07-16 19:20:19.375 INFO  o.s.boot.web.embedded.tomcat.TomcatWebServer      :220  [32m                  [0;39m Tomcat started on port(s): 8081 (http) with context path ''
2023-07-16 19:20:19.386 INFO  com.example.wiki.config.WikiApplication           :61   [32m                  [0;39m Started WikiApplication in 1.833 seconds (JVM running for 2.484)
2023-07-16 19:20:19.388 INFO  com.example.wiki.config.WikiApplication           :25   [32m                  [0;39m 启动成功！！
2023-07-16 19:20:19.388 INFO  com.example.wiki.config.WikiApplication           :26   [32m                  [0;39m 地址: 	http://127.0.0.1:8081
2023-07-16 19:20:22.836 INFO  o.a.c.core.ContainerBase.[Tomcat].[localhost].[/] :173  [32m                  [0;39m Initializing Spring DispatcherServlet 'dispatcherServlet'
2023-07-16 19:20:22.836 INFO  org.springframework.web.servlet.DispatcherServlet :525  [32m                  [0;39m Initializing Servlet 'dispatcherServlet'
2023-07-16 19:20:22.837 INFO  org.springframework.web.servlet.DispatcherServlet :547  [32m                  [0;39m Completed initialization in 1 ms
2023-07-16 19:20:22.894 INFO  com.zaxxer.hikari.HikariDataSource                :110  [32m                  [0;39m HikariPool-1 - Starting...
2023-07-16 19:20:23.116 INFO  com.zaxxer.hikari.HikariDataSource                :123  [32m                  [0;39m HikariPool-1 - Start completed.
2023-07-16 19:45:39.409 INFO  com.zaxxer.hikari.HikariDataSource                :350  [32m                  [0;39m HikariPool-1 - Shutdown initiated...
2023-07-16 19:45:39.416 INFO  com.zaxxer.hikari.HikariDataSource                :352  [32m                  [0;39m HikariPool-1 - Shutdown completed.
2023-07-16 19:45:46.566 INFO  com.example.wiki.config.WikiApplication           :55   [32m                  [0;39m Starting WikiApplication using Java 17.0.7 on LAPTOP-9LP1GE7L with PID 18544 (D:\Study\java\wiki\target\classes started by ljj in D:\Study\java\wiki)
2023-07-16 19:45:46.568 INFO  com.example.wiki.config.WikiApplication           :631  [32m                  [0;39m No active profile set, falling back to 1 default profile: "default"
2023-07-16 19:45:46.609 INFO  o.s.b.d.env.DevToolsPropertyDefaultsPostProcessor :255  [32m                  [0;39m Devtools property defaults active! Set 'spring.devtools.add-properties' to 'false' to disable
2023-07-16 19:45:46.610 INFO  o.s.b.d.env.DevToolsPropertyDefaultsPostProcessor :255  [32m                  [0;39m For additional web related logging consider setting the 'logging.level.web' property to 'DEBUG'
2023-07-16 19:45:47.443 INFO  o.s.boot.web.embedded.tomcat.TomcatWebServer      :108  [32m                  [0;39m Tomcat initialized with port(s): 8081 (http)
2023-07-16 19:45:47.452 INFO  org.apache.coyote.http11.Http11NioProtocol        :173  [32m                  [0;39m Initializing ProtocolHandler ["http-nio-8081"]
2023-07-16 19:45:47.453 INFO  org.apache.catalina.core.StandardService          :173  [32m                  [0;39m Starting service [Tomcat]
2023-07-16 19:45:47.453 INFO  org.apache.catalina.core.StandardEngine           :173  [32m                  [0;39m Starting Servlet engine: [Apache Tomcat/9.0.76]
2023-07-16 19:45:47.512 INFO  o.a.c.core.ContainerBase.[Tomcat].[localhost].[/] :173  [32m                  [0;39m Initializing Spring embedded WebApplicationContext
2023-07-16 19:45:47.512 INFO  o.s.b.w.s.c.ServletWebServerApplicationContext    :292  [32m                  [0;39m Root WebApplicationContext: initialization completed in 902 ms
2023-07-16 19:45:47.997 INFO  o.s.b.d.autoconfigure.OptionalLiveReloadServer    :59   [32m                  [0;39m LiveReload server is running on port 35729
2023-07-16 19:45:48.010 INFO  org.apache.coyote.http11.Http11NioProtocol        :173  [32m                  [0;39m Starting ProtocolHandler ["http-nio-8081"]
2023-07-16 19:45:48.026 INFO  o.s.boot.web.embedded.tomcat.TomcatWebServer      :220  [32m                  [0;39m Tomcat started on port(s): 8081 (http) with context path ''
2023-07-16 19:45:48.036 INFO  com.example.wiki.config.WikiApplication           :61   [32m                  [0;39m Started WikiApplication in 1.848 seconds (JVM running for 2.504)
2023-07-16 19:45:48.038 INFO  com.example.wiki.config.WikiApplication           :25   [32m                  [0;39m 启动成功！！
2023-07-16 19:45:48.039 INFO  com.example.wiki.config.WikiApplication           :26   [32m                  [0;39m 地址: 	http://127.0.0.1:8081
2023-07-16 19:45:51.947 INFO  o.a.c.core.ContainerBase.[Tomcat].[localhost].[/] :173  [32m                  [0;39m Initializing Spring DispatcherServlet 'dispatcherServlet'
2023-07-16 19:45:51.947 INFO  org.springframework.web.servlet.DispatcherServlet :525  [32m                  [0;39m Initializing Servlet 'dispatcherServlet'
2023-07-16 19:45:51.948 INFO  org.springframework.web.servlet.DispatcherServlet :547  [32m                  [0;39m Completed initialization in 1 ms
2023-07-16 19:45:52.006 INFO  com.zaxxer.hikari.HikariDataSource                :110  [32m                  [0;39m HikariPool-1 - Starting...
2023-07-16 19:45:52.226 INFO  com.zaxxer.hikari.HikariDataSource                :123  [32m                  [0;39m HikariPool-1 - Start completed.
2023-07-16 20:03:58.141 INFO  com.zaxxer.hikari.HikariDataSource                :350  [32m                  [0;39m HikariPool-1 - Shutdown initiated...
2023-07-16 20:03:58.147 INFO  com.zaxxer.hikari.HikariDataSource                :352  [32m                  [0;39m HikariPool-1 - Shutdown completed.
2023-07-16 20:04:00.857 INFO  com.example.wiki.config.WikiApplication           :55   [32m                  [0;39m Starting WikiApplication using Java 17.0.7 on LAPTOP-9LP1GE7L with PID 13708 (D:\Study\java\wiki\target\classes started by ljj in D:\Study\java\wiki)
2023-07-16 20:04:00.858 INFO  com.example.wiki.config.WikiApplication           :631  [32m                  [0;39m No active profile set, falling back to 1 default profile: "default"
2023-07-16 20:04:00.901 INFO  o.s.b.d.env.DevToolsPropertyDefaultsPostProcessor :255  [32m                  [0;39m Devtools property defaults active! Set 'spring.devtools.add-properties' to 'false' to disable
2023-07-16 20:04:00.901 INFO  o.s.b.d.env.DevToolsPropertyDefaultsPostProcessor :255  [32m                  [0;39m For additional web related logging consider setting the 'logging.level.web' property to 'DEBUG'
2023-07-16 20:04:01.734 INFO  o.s.boot.web.embedded.tomcat.TomcatWebServer      :108  [32m                  [0;39m Tomcat initialized with port(s): 8081 (http)
2023-07-16 20:04:01.743 INFO  org.apache.coyote.http11.Http11NioProtocol        :173  [32m                  [0;39m Initializing ProtocolHandler ["http-nio-8081"]
2023-07-16 20:04:01.744 INFO  org.apache.catalina.core.StandardService          :173  [32m                  [0;39m Starting service [Tomcat]
2023-07-16 20:04:01.744 INFO  org.apache.catalina.core.StandardEngine           :173  [32m                  [0;39m Starting Servlet engine: [Apache Tomcat/9.0.76]
2023-07-16 20:04:01.803 INFO  o.a.c.core.ContainerBase.[Tomcat].[localhost].[/] :173  [32m                  [0;39m Initializing Spring embedded WebApplicationContext
2023-07-16 20:04:01.803 INFO  o.s.b.w.s.c.ServletWebServerApplicationContext    :292  [32m                  [0;39m Root WebApplicationContext: initialization completed in 901 ms
2023-07-16 20:04:02.299 INFO  o.s.b.d.autoconfigure.OptionalLiveReloadServer    :59   [32m                  [0;39m LiveReload server is running on port 35729
2023-07-16 20:04:02.311 INFO  org.apache.coyote.http11.Http11NioProtocol        :173  [32m                  [0;39m Starting ProtocolHandler ["http-nio-8081"]
2023-07-16 20:04:02.328 INFO  o.s.boot.web.embedded.tomcat.TomcatWebServer      :220  [32m                  [0;39m Tomcat started on port(s): 8081 (http) with context path ''
2023-07-16 20:04:02.339 INFO  com.example.wiki.config.WikiApplication           :61   [32m                  [0;39m Started WikiApplication in 1.862 seconds (JVM running for 2.482)
2023-07-16 20:04:02.342 INFO  com.example.wiki.config.WikiApplication           :25   [32m                  [0;39m 启动成功！！
2023-07-16 20:04:02.342 INFO  com.example.wiki.config.WikiApplication           :26   [32m                  [0;39m 地址: 	http://127.0.0.1:8081
2023-07-16 20:04:03.647 INFO  o.a.c.core.ContainerBase.[Tomcat].[localhost].[/] :173  [32m                  [0;39m Initializing Spring DispatcherServlet 'dispatcherServlet'
2023-07-16 20:04:03.647 INFO  org.springframework.web.servlet.DispatcherServlet :525  [32m                  [0;39m Initializing Servlet 'dispatcherServlet'
2023-07-16 20:04:03.648 INFO  org.springframework.web.servlet.DispatcherServlet :547  [32m                  [0;39m Completed initialization in 1 ms
2023-07-16 20:04:03.706 INFO  com.zaxxer.hikari.HikariDataSource                :110  [32m                  [0;39m HikariPool-1 - Starting...
2023-07-16 20:04:03.924 INFO  com.zaxxer.hikari.HikariDataSource                :123  [32m                  [0;39m HikariPool-1 - Start completed.
2023-07-16 20:08:14.238 INFO  com.zaxxer.hikari.HikariDataSource                :350  [32m                  [0;39m HikariPool-1 - Shutdown initiated...
2023-07-16 20:08:14.246 INFO  com.zaxxer.hikari.HikariDataSource                :352  [32m                  [0;39m HikariPool-1 - Shutdown completed.
2023-07-16 20:08:16.946 INFO  com.example.wiki.config.WikiApplication           :55   [32m                  [0;39m Starting WikiApplication using Java 17.0.7 on LAPTOP-9LP1GE7L with PID 556 (D:\Study\java\wiki\target\classes started by ljj in D:\Study\java\wiki)
2023-07-16 20:08:16.948 INFO  com.example.wiki.config.WikiApplication           :631  [32m                  [0;39m No active profile set, falling back to 1 default profile: "default"
2023-07-16 20:08:16.991 INFO  o.s.b.d.env.DevToolsPropertyDefaultsPostProcessor :255  [32m                  [0;39m Devtools property defaults active! Set 'spring.devtools.add-properties' to 'false' to disable
2023-07-16 20:08:16.991 INFO  o.s.b.d.env.DevToolsPropertyDefaultsPostProcessor :255  [32m                  [0;39m For additional web related logging consider setting the 'logging.level.web' property to 'DEBUG'
2023-07-16 20:08:17.816 INFO  o.s.boot.web.embedded.tomcat.TomcatWebServer      :108  [32m                  [0;39m Tomcat initialized with port(s): 8081 (http)
2023-07-16 20:08:17.822 INFO  org.apache.coyote.http11.Http11NioProtocol        :173  [32m                  [0;39m Initializing ProtocolHandler ["http-nio-8081"]
2023-07-16 20:08:17.823 INFO  org.apache.catalina.core.StandardService          :173  [32m                  [0;39m Starting service [Tomcat]
2023-07-16 20:08:17.823 INFO  org.apache.catalina.core.StandardEngine           :173  [32m                  [0;39m Starting Servlet engine: [Apache Tomcat/9.0.76]
2023-07-16 20:08:17.888 INFO  o.a.c.core.ContainerBase.[Tomcat].[localhost].[/] :173  [32m                  [0;39m Initializing Spring embedded WebApplicationContext
2023-07-16 20:08:17.889 INFO  o.s.b.w.s.c.ServletWebServerApplicationContext    :292  [32m                  [0;39m Root WebApplicationContext: initialization completed in 897 ms
2023-07-16 20:08:18.377 INFO  o.s.b.d.autoconfigure.OptionalLiveReloadServer    :59   [32m                  [0;39m LiveReload server is running on port 35729
2023-07-16 20:08:18.388 INFO  org.apache.coyote.http11.Http11NioProtocol        :173  [32m                  [0;39m Starting ProtocolHandler ["http-nio-8081"]
2023-07-16 20:08:18.409 INFO  o.s.boot.web.embedded.tomcat.TomcatWebServer      :220  [32m                  [0;39m Tomcat started on port(s): 8081 (http) with context path ''
2023-07-16 20:08:18.422 INFO  com.example.wiki.config.WikiApplication           :61   [32m                  [0;39m Started WikiApplication in 1.863 seconds (JVM running for 2.48)
2023-07-16 20:08:18.426 INFO  com.example.wiki.config.WikiApplication           :25   [32m                  [0;39m 启动成功！！
2023-07-16 20:08:18.427 INFO  com.example.wiki.config.WikiApplication           :26   [32m                  [0;39m 地址: 	http://127.0.0.1:8081
2023-07-16 20:08:25.961 INFO  o.a.c.core.ContainerBase.[Tomcat].[localhost].[/] :173  [32m                  [0;39m Initializing Spring DispatcherServlet 'dispatcherServlet'
2023-07-16 20:08:25.961 INFO  org.springframework.web.servlet.DispatcherServlet :525  [32m                  [0;39m Initializing Servlet 'dispatcherServlet'
2023-07-16 20:08:25.962 INFO  org.springframework.web.servlet.DispatcherServlet :547  [32m                  [0;39m Completed initialization in 1 ms
2023-07-16 20:08:26.040 INFO  com.zaxxer.hikari.HikariDataSource                :110  [32m                  [0;39m HikariPool-1 - Starting...
2023-07-16 20:08:26.262 INFO  com.zaxxer.hikari.HikariDataSource                :123  [32m                  [0;39m HikariPool-1 - Start completed.
2023-07-16 20:12:12.805 INFO  com.zaxxer.hikari.HikariDataSource                :350  [32m                  [0;39m HikariPool-1 - Shutdown initiated...
2023-07-16 20:12:12.812 INFO  com.zaxxer.hikari.HikariDataSource                :352  [32m                  [0;39m HikariPool-1 - Shutdown completed.
2023-07-16 20:12:16.168 INFO  com.example.wiki.config.WikiApplication           :55   [32m                  [0;39m Starting WikiApplication using Java 17.0.7 on LAPTOP-9LP1GE7L with PID 16980 (D:\Study\java\wiki\target\classes started by ljj in D:\Study\java\wiki)
2023-07-16 20:12:16.169 INFO  com.example.wiki.config.WikiApplication           :631  [32m                  [0;39m No active profile set, falling back to 1 default profile: "default"
2023-07-16 20:12:16.215 INFO  o.s.b.d.env.DevToolsPropertyDefaultsPostProcessor :255  [32m                  [0;39m Devtools property defaults active! Set 'spring.devtools.add-properties' to 'false' to disable
2023-07-16 20:12:16.215 INFO  o.s.b.d.env.DevToolsPropertyDefaultsPostProcessor :255  [32m                  [0;39m For additional web related logging consider setting the 'logging.level.web' property to 'DEBUG'
2023-07-16 20:12:17.100 INFO  o.s.boot.web.embedded.tomcat.TomcatWebServer      :108  [32m                  [0;39m Tomcat initialized with port(s): 8081 (http)
2023-07-16 20:12:17.109 INFO  org.apache.coyote.http11.Http11NioProtocol        :173  [32m                  [0;39m Initializing ProtocolHandler ["http-nio-8081"]
2023-07-16 20:12:17.110 INFO  org.apache.catalina.core.StandardService          :173  [32m                  [0;39m Starting service [Tomcat]
2023-07-16 20:12:17.110 INFO  org.apache.catalina.core.StandardEngine           :173  [32m                  [0;39m Starting Servlet engine: [Apache Tomcat/9.0.76]
2023-07-16 20:12:17.170 INFO  o.a.c.core.ContainerBase.[Tomcat].[localhost].[/] :173  [32m                  [0;39m Initializing Spring embedded WebApplicationContext
2023-07-16 20:12:17.170 INFO  o.s.b.w.s.c.ServletWebServerApplicationContext    :292  [32m                  [0;39m Root WebApplicationContext: initialization completed in 954 ms
2023-07-16 20:12:17.665 INFO  o.s.b.d.autoconfigure.OptionalLiveReloadServer    :59   [32m                  [0;39m LiveReload server is running on port 35729
2023-07-16 20:12:17.678 INFO  org.apache.coyote.http11.Http11NioProtocol        :173  [32m                  [0;39m Starting ProtocolHandler ["http-nio-8081"]
2023-07-16 20:12:17.694 INFO  o.s.boot.web.embedded.tomcat.TomcatWebServer      :220  [32m                  [0;39m Tomcat started on port(s): 8081 (http) with context path ''
2023-07-16 20:12:17.706 INFO  com.example.wiki.config.WikiApplication           :61   [32m                  [0;39m Started WikiApplication in 1.93 seconds (JVM running for 2.563)
2023-07-16 20:12:17.708 INFO  com.example.wiki.config.WikiApplication           :25   [32m                  [0;39m 启动成功！！
2023-07-16 20:12:17.709 INFO  com.example.wiki.config.WikiApplication           :26   [32m                  [0;39m 地址: 	http://127.0.0.1:8081
2023-07-16 20:12:19.854 INFO  o.a.c.core.ContainerBase.[Tomcat].[localhost].[/] :173  [32m                  [0;39m Initializing Spring DispatcherServlet 'dispatcherServlet'
2023-07-16 20:12:19.854 INFO  org.springframework.web.servlet.DispatcherServlet :525  [32m                  [0;39m Initializing Servlet 'dispatcherServlet'
2023-07-16 20:12:19.855 INFO  org.springframework.web.servlet.DispatcherServlet :547  [32m                  [0;39m Completed initialization in 1 ms
2023-07-16 20:12:19.935 INFO  com.zaxxer.hikari.HikariDataSource                :110  [32m                  [0;39m HikariPool-1 - Starting...
2023-07-16 20:12:20.151 INFO  com.zaxxer.hikari.HikariDataSource                :123  [32m                  [0;39m HikariPool-1 - Start completed.
2023-07-16 20:20:22.331 INFO  com.zaxxer.hikari.HikariDataSource                :350  [32m                  [0;39m HikariPool-1 - Shutdown initiated...
2023-07-16 20:20:22.337 INFO  com.zaxxer.hikari.HikariDataSource                :352  [32m                  [0;39m HikariPool-1 - Shutdown completed.
2023-07-16 20:20:51.476 INFO  com.example.wiki.config.WikiApplication           :55   [32m                  [0;39m Starting WikiApplication using Java 17.0.7 on LAPTOP-9LP1GE7L with PID 4656 (D:\Study\java\wiki\target\classes started by ljj in D:\Study\java\wiki)
2023-07-16 20:20:51.478 INFO  com.example.wiki.config.WikiApplication           :631  [32m                  [0;39m No active profile set, falling back to 1 default profile: "default"
2023-07-16 20:20:51.522 INFO  o.s.b.d.env.DevToolsPropertyDefaultsPostProcessor :255  [32m                  [0;39m Devtools property defaults active! Set 'spring.devtools.add-properties' to 'false' to disable
2023-07-16 20:20:51.523 INFO  o.s.b.d.env.DevToolsPropertyDefaultsPostProcessor :255  [32m                  [0;39m For additional web related logging consider setting the 'logging.level.web' property to 'DEBUG'
2023-07-16 20:20:52.368 INFO  o.s.boot.web.embedded.tomcat.TomcatWebServer      :108  [32m                  [0;39m Tomcat initialized with port(s): 8081 (http)
2023-07-16 20:20:52.374 INFO  org.apache.coyote.http11.Http11NioProtocol        :173  [32m                  [0;39m Initializing ProtocolHandler ["http-nio-8081"]
2023-07-16 20:20:52.375 INFO  org.apache.catalina.core.StandardService          :173  [32m                  [0;39m Starting service [Tomcat]
2023-07-16 20:20:52.376 INFO  org.apache.catalina.core.StandardEngine           :173  [32m                  [0;39m Starting Servlet engine: [Apache Tomcat/9.0.76]
2023-07-16 20:20:52.434 INFO  o.a.c.core.ContainerBase.[Tomcat].[localhost].[/] :173  [32m                  [0;39m Initializing Spring embedded WebApplicationContext
2023-07-16 20:20:52.435 INFO  o.s.b.w.s.c.ServletWebServerApplicationContext    :292  [32m                  [0;39m Root WebApplicationContext: initialization completed in 911 ms
2023-07-16 20:20:52.927 INFO  o.s.b.d.autoconfigure.OptionalLiveReloadServer    :59   [32m                  [0;39m LiveReload server is running on port 35729
2023-07-16 20:20:52.938 INFO  org.apache.coyote.http11.Http11NioProtocol        :173  [32m                  [0;39m Starting ProtocolHandler ["http-nio-8081"]
2023-07-16 20:20:52.955 INFO  o.s.boot.web.embedded.tomcat.TomcatWebServer      :220  [32m                  [0;39m Tomcat started on port(s): 8081 (http) with context path ''
2023-07-16 20:20:52.966 INFO  com.example.wiki.config.WikiApplication           :61   [32m                  [0;39m Started WikiApplication in 1.872 seconds (JVM running for 2.509)
2023-07-16 20:20:52.968 INFO  com.example.wiki.config.WikiApplication           :25   [32m                  [0;39m 启动成功！！
2023-07-16 20:20:52.968 INFO  com.example.wiki.config.WikiApplication           :26   [32m                  [0;39m 地址: 	http://127.0.0.1:8081
2023-07-16 20:20:57.929 INFO  o.a.c.core.ContainerBase.[Tomcat].[localhost].[/] :173  [32m                  [0;39m Initializing Spring DispatcherServlet 'dispatcherServlet'
2023-07-16 20:20:57.929 INFO  org.springframework.web.servlet.DispatcherServlet :525  [32m                  [0;39m Initializing Servlet 'dispatcherServlet'
2023-07-16 20:20:57.930 INFO  org.springframework.web.servlet.DispatcherServlet :547  [32m                  [0;39m Completed initialization in 1 ms
2023-07-16 20:20:58.015 INFO  com.zaxxer.hikari.HikariDataSource                :110  [32m                  [0;39m HikariPool-1 - Starting...
2023-07-16 20:20:58.236 INFO  com.zaxxer.hikari.HikariDataSource                :123  [32m                  [0;39m HikariPool-1 - Start completed.
2023-07-16 20:21:56.523 INFO  com.zaxxer.hikari.HikariDataSource                :350  [32m                  [0;39m HikariPool-1 - Shutdown initiated...
2023-07-16 20:21:56.529 INFO  com.zaxxer.hikari.HikariDataSource                :352  [32m                  [0;39m HikariPool-1 - Shutdown completed.
2023-07-16 20:21:59.293 INFO  com.example.wiki.config.WikiApplication           :55   [32m                  [0;39m Starting WikiApplication using Java 17.0.7 on LAPTOP-9LP1GE7L with PID 15796 (D:\Study\java\wiki\target\classes started by ljj in D:\Study\java\wiki)
2023-07-16 20:21:59.295 INFO  com.example.wiki.config.WikiApplication           :631  [32m                  [0;39m No active profile set, falling back to 1 default profile: "default"
2023-07-16 20:21:59.338 INFO  o.s.b.d.env.DevToolsPropertyDefaultsPostProcessor :255  [32m                  [0;39m Devtools property defaults active! Set 'spring.devtools.add-properties' to 'false' to disable
2023-07-16 20:21:59.338 INFO  o.s.b.d.env.DevToolsPropertyDefaultsPostProcessor :255  [32m                  [0;39m For additional web related logging consider setting the 'logging.level.web' property to 'DEBUG'
2023-07-16 20:22:00.183 INFO  o.s.boot.web.embedded.tomcat.TomcatWebServer      :108  [32m                  [0;39m Tomcat initialized with port(s): 8081 (http)
2023-07-16 20:22:00.190 INFO  org.apache.coyote.http11.Http11NioProtocol        :173  [32m                  [0;39m Initializing ProtocolHandler ["http-nio-8081"]
2023-07-16 20:22:00.191 INFO  org.apache.catalina.core.StandardService          :173  [32m                  [0;39m Starting service [Tomcat]
2023-07-16 20:22:00.191 INFO  org.apache.catalina.core.StandardEngine           :173  [32m                  [0;39m Starting Servlet engine: [Apache Tomcat/9.0.76]
2023-07-16 20:22:00.253 INFO  o.a.c.core.ContainerBase.[Tomcat].[localhost].[/] :173  [32m                  [0;39m Initializing Spring embedded WebApplicationContext
2023-07-16 20:22:00.254 INFO  o.s.b.w.s.c.ServletWebServerApplicationContext    :292  [32m                  [0;39m Root WebApplicationContext: initialization completed in 915 ms
2023-07-16 20:22:00.775 INFO  o.s.b.d.autoconfigure.OptionalLiveReloadServer    :59   [32m                  [0;39m LiveReload server is running on port 35729
2023-07-16 20:22:00.787 INFO  org.apache.coyote.http11.Http11NioProtocol        :173  [32m                  [0;39m Starting ProtocolHandler ["http-nio-8081"]
2023-07-16 20:22:00.803 INFO  o.s.boot.web.embedded.tomcat.TomcatWebServer      :220  [32m                  [0;39m Tomcat started on port(s): 8081 (http) with context path ''
2023-07-16 20:22:00.815 INFO  com.example.wiki.config.WikiApplication           :61   [32m                  [0;39m Started WikiApplication in 1.912 seconds (JVM running for 2.555)
2023-07-16 20:22:00.817 INFO  com.example.wiki.config.WikiApplication           :25   [32m                  [0;39m 启动成功！！
2023-07-16 20:22:00.818 INFO  com.example.wiki.config.WikiApplication           :26   [32m                  [0;39m 地址: 	http://127.0.0.1:8081
2023-07-16 20:22:03.094 INFO  o.a.c.core.ContainerBase.[Tomcat].[localhost].[/] :173  [32m                  [0;39m Initializing Spring DispatcherServlet 'dispatcherServlet'
2023-07-16 20:22:03.094 INFO  org.springframework.web.servlet.DispatcherServlet :525  [32m                  [0;39m Initializing Servlet 'dispatcherServlet'
2023-07-16 20:22:03.095 INFO  org.springframework.web.servlet.DispatcherServlet :547  [32m                  [0;39m Completed initialization in 1 ms
2023-07-16 20:22:03.171 INFO  com.zaxxer.hikari.HikariDataSource                :110  [32m                  [0;39m HikariPool-1 - Starting...
2023-07-16 20:22:03.392 INFO  com.zaxxer.hikari.HikariDataSource                :123  [32m                  [0;39m HikariPool-1 - Start completed.
2023-07-16 20:27:26.702 INFO  com.zaxxer.hikari.HikariDataSource                :350  [32m                  [0;39m HikariPool-1 - Shutdown initiated...
2023-07-16 20:27:26.709 INFO  com.zaxxer.hikari.HikariDataSource                :352  [32m                  [0;39m HikariPool-1 - Shutdown completed.
2023-07-16 20:27:29.513 INFO  com.example.wiki.config.WikiApplication           :55   [32m                  [0;39m Starting WikiApplication using Java 17.0.7 on LAPTOP-9LP1GE7L with PID 1196 (D:\Study\java\wiki\target\classes started by ljj in D:\Study\java\wiki)
2023-07-16 20:27:29.515 INFO  com.example.wiki.config.WikiApplication           :631  [32m                  [0;39m No active profile set, falling back to 1 default profile: "default"
2023-07-16 20:27:29.560 INFO  o.s.b.d.env.DevToolsPropertyDefaultsPostProcessor :255  [32m                  [0;39m Devtools property defaults active! Set 'spring.devtools.add-properties' to 'false' to disable
2023-07-16 20:27:29.561 INFO  o.s.b.d.env.DevToolsPropertyDefaultsPostProcessor :255  [32m                  [0;39m For additional web related logging consider setting the 'logging.level.web' property to 'DEBUG'
2023-07-16 20:27:30.413 INFO  o.s.boot.web.embedded.tomcat.TomcatWebServer      :108  [32m                  [0;39m Tomcat initialized with port(s): 8081 (http)
2023-07-16 20:27:30.420 INFO  org.apache.coyote.http11.Http11NioProtocol        :173  [32m                  [0;39m Initializing ProtocolHandler ["http-nio-8081"]
2023-07-16 20:27:30.421 INFO  org.apache.catalina.core.StandardService          :173  [32m                  [0;39m Starting service [Tomcat]
2023-07-16 20:27:30.421 INFO  org.apache.catalina.core.StandardEngine           :173  [32m                  [0;39m Starting Servlet engine: [Apache Tomcat/9.0.76]
2023-07-16 20:27:30.479 INFO  o.a.c.core.ContainerBase.[Tomcat].[localhost].[/] :173  [32m                  [0;39m Initializing Spring embedded WebApplicationContext
2023-07-16 20:27:30.479 INFO  o.s.b.w.s.c.ServletWebServerApplicationContext    :292  [32m                  [0;39m Root WebApplicationContext: initialization completed in 917 ms
2023-07-16 20:27:30.981 INFO  o.s.b.d.autoconfigure.OptionalLiveReloadServer    :59   [32m                  [0;39m LiveReload server is running on port 35729
2023-07-16 20:27:30.994 INFO  org.apache.coyote.http11.Http11NioProtocol        :173  [32m                  [0;39m Starting ProtocolHandler ["http-nio-8081"]
2023-07-16 20:27:31.010 INFO  o.s.boot.web.embedded.tomcat.TomcatWebServer      :220  [32m                  [0;39m Tomcat started on port(s): 8081 (http) with context path ''
2023-07-16 20:27:31.021 INFO  com.example.wiki.config.WikiApplication           :61   [32m                  [0;39m Started WikiApplication in 1.91 seconds (JVM running for 2.545)
2023-07-16 20:27:31.023 INFO  com.example.wiki.config.WikiApplication           :25   [32m                  [0;39m 启动成功！！
2023-07-16 20:27:31.024 INFO  com.example.wiki.config.WikiApplication           :26   [32m                  [0;39m 地址: 	http://127.0.0.1:8081
2023-07-16 20:28:10.889 INFO  o.a.c.core.ContainerBase.[Tomcat].[localhost].[/] :173  [32m                  [0;39m Initializing Spring DispatcherServlet 'dispatcherServlet'
2023-07-16 20:28:10.889 INFO  org.springframework.web.servlet.DispatcherServlet :525  [32m                  [0;39m Initializing Servlet 'dispatcherServlet'
2023-07-16 20:28:10.890 INFO  org.springframework.web.servlet.DispatcherServlet :547  [32m                  [0;39m Completed initialization in 1 ms
2023-07-16 20:28:10.969 INFO  com.zaxxer.hikari.HikariDataSource                :110  [32m                  [0;39m HikariPool-1 - Starting...
2023-07-16 20:28:11.188 INFO  com.zaxxer.hikari.HikariDataSource                :123  [32m                  [0;39m HikariPool-1 - Start completed.
2023-07-16 20:29:45.608 INFO  com.zaxxer.hikari.HikariDataSource                :350  [32m                  [0;39m HikariPool-1 - Shutdown initiated...
2023-07-16 20:29:45.614 INFO  com.zaxxer.hikari.HikariDataSource                :352  [32m                  [0;39m HikariPool-1 - Shutdown completed.
2023-07-17 14:03:29.880 INFO  com.example.wiki.config.WikiApplication           :55   [32m                  [0;39m Starting WikiApplication using Java 17.0.7 on DESKTOP-AVM6SQ1 with PID 22704 (E:\study\wiki\wiki\target\classes started by admin in E:\study\wiki\wiki)
2023-07-17 14:03:29.882 INFO  com.example.wiki.config.WikiApplication           :631  [32m                  [0;39m No active profile set, falling back to 1 default profile: "default"
2023-07-17 14:03:29.945 INFO  o.s.b.d.env.DevToolsPropertyDefaultsPostProcessor :255  [32m                  [0;39m Devtools property defaults active! Set 'spring.devtools.add-properties' to 'false' to disable
2023-07-17 14:03:29.945 INFO  o.s.b.d.env.DevToolsPropertyDefaultsPostProcessor :255  [32m                  [0;39m For additional web related logging consider setting the 'logging.level.web' property to 'DEBUG'
2023-07-17 14:03:31.308 INFO  o.s.boot.web.embedded.tomcat.TomcatWebServer      :108  [32m                  [0;39m Tomcat initialized with port(s): 8081 (http)
2023-07-17 14:03:31.318 INFO  org.apache.coyote.http11.Http11NioProtocol        :173  [32m                  [0;39m Initializing ProtocolHandler ["http-nio-8081"]
2023-07-17 14:03:31.319 INFO  org.apache.catalina.core.StandardService          :173  [32m                  [0;39m Starting service [Tomcat]
2023-07-17 14:03:31.319 INFO  org.apache.catalina.core.StandardEngine           :173  [32m                  [0;39m Starting Servlet engine: [Apache Tomcat/9.0.76]
2023-07-17 14:03:31.420 INFO  o.a.c.core.ContainerBase.[Tomcat].[localhost].[/] :173  [32m                  [0;39m Initializing Spring embedded WebApplicationContext
2023-07-17 14:03:31.421 INFO  o.s.b.w.s.c.ServletWebServerApplicationContext    :292  [32m                  [0;39m Root WebApplicationContext: initialization completed in 1475 ms
2023-07-17 14:03:32.138 INFO  o.s.b.d.autoconfigure.OptionalLiveReloadServer    :59   [32m                  [0;39m LiveReload server is running on port 35729
2023-07-17 14:03:32.157 INFO  org.apache.coyote.http11.Http11NioProtocol        :173  [32m                  [0;39m Starting ProtocolHandler ["http-nio-8081"]
2023-07-17 14:03:32.183 INFO  o.s.boot.web.embedded.tomcat.TomcatWebServer      :220  [32m                  [0;39m Tomcat started on port(s): 8081 (http) with context path ''
2023-07-17 14:03:32.200 INFO  com.example.wiki.config.WikiApplication           :61   [32m                  [0;39m Started WikiApplication in 2.821 seconds (JVM running for 4.219)
2023-07-17 14:03:32.204 INFO  com.example.wiki.config.WikiApplication           :25   [32m                  [0;39m 启动成功！！
2023-07-17 14:03:32.204 INFO  com.example.wiki.config.WikiApplication           :26   [32m                  [0;39m 地址: 	http://127.0.0.1:8081
2023-07-17 14:03:50.143 INFO  com.example.wiki.config.WikiApplication           :55   [32m                  [0;39m Starting WikiApplication using Java 17.0.7 on DESKTOP-AVM6SQ1 with PID 24104 (E:\study\wiki\wiki\target\classes started by admin in E:\study\wiki\wiki)
2023-07-17 14:03:50.145 INFO  com.example.wiki.config.WikiApplication           :631  [32m                  [0;39m No active profile set, falling back to 1 default profile: "default"
2023-07-17 14:03:50.213 INFO  o.s.b.d.env.DevToolsPropertyDefaultsPostProcessor :255  [32m                  [0;39m Devtools property defaults active! Set 'spring.devtools.add-properties' to 'false' to disable
2023-07-17 14:03:50.213 INFO  o.s.b.d.env.DevToolsPropertyDefaultsPostProcessor :255  [32m                  [0;39m For additional web related logging consider setting the 'logging.level.web' property to 'DEBUG'
2023-07-17 14:03:51.633 INFO  o.s.boot.web.embedded.tomcat.TomcatWebServer      :108  [32m                  [0;39m Tomcat initialized with port(s): 8081 (http)
2023-07-17 14:03:51.645 INFO  org.apache.coyote.http11.Http11NioProtocol        :173  [32m                  [0;39m Initializing ProtocolHandler ["http-nio-8081"]
2023-07-17 14:03:51.647 INFO  org.apache.catalina.core.StandardService          :173  [32m                  [0;39m Starting service [Tomcat]
2023-07-17 14:03:51.647 INFO  org.apache.catalina.core.StandardEngine           :173  [32m                  [0;39m Starting Servlet engine: [Apache Tomcat/9.0.76]
2023-07-17 14:03:51.767 INFO  o.a.c.core.ContainerBase.[Tomcat].[localhost].[/] :173  [32m                  [0;39m Initializing Spring embedded WebApplicationContext
2023-07-17 14:03:51.768 INFO  o.s.b.w.s.c.ServletWebServerApplicationContext    :292  [32m                  [0;39m Root WebApplicationContext: initialization completed in 1552 ms
2023-07-17 14:03:52.703 INFO  o.s.b.d.autoconfigure.OptionalLiveReloadServer    :59   [32m                  [0;39m LiveReload server is running on port 35729
2023-07-17 14:03:52.725 INFO  org.apache.coyote.http11.Http11NioProtocol        :173  [32m                  [0;39m Starting ProtocolHandler ["http-nio-8081"]
2023-07-17 14:03:52.751 INFO  o.s.boot.web.embedded.tomcat.TomcatWebServer      :220  [32m                  [0;39m Tomcat started on port(s): 8081 (http) with context path ''
2023-07-17 14:03:52.768 INFO  com.example.wiki.config.WikiApplication           :61   [32m                  [0;39m Started WikiApplication in 3.223 seconds (JVM running for 5.026)
2023-07-17 14:03:52.774 INFO  com.example.wiki.config.WikiApplication           :25   [32m                  [0;39m 启动成功！！
2023-07-17 14:03:52.775 INFO  com.example.wiki.config.WikiApplication           :26   [32m                  [0;39m 地址: 	http://127.0.0.1:8081
2023-07-17 14:03:55.865 INFO  o.a.c.core.ContainerBase.[Tomcat].[localhost].[/] :173  [32m                  [0;39m Initializing Spring DispatcherServlet 'dispatcherServlet'
2023-07-17 14:03:55.865 INFO  org.springframework.web.servlet.DispatcherServlet :525  [32m                  [0;39m Initializing Servlet 'dispatcherServlet'
2023-07-17 14:03:55.867 INFO  org.springframework.web.servlet.DispatcherServlet :547  [32m                  [0;39m Completed initialization in 1 ms
